6 03, 2013 12:02:06 午後 org.eclipse.birt.chart.device.swt.SwtDisplayServer <init>
情報: SWT Display Server: win32 v4,236
6 03, 2013 12:02:10 午後 org.eclipse.birt.chart.device.swing.SwingDisplayServer <init>
情報: SWING Display Server: Oracle Corporation v1.7.0_15
6 03, 2013 12:02:10 午後 org.eclipse.birt.chart.script.AbstractScriptHandler register
情報: Chart Java イベント・ハンドラーのクラスを読み込んでいます...
6 03, 2013 12:02:10 午後 org.eclipse.birt.chart.script.AbstractScriptHandler register
情報: Chart Java イベント・ハンドラーのクラス [class org.eclipse.mat.impl.chart.LabelRenderScript] を読み込みました。
6 03, 2013 12:02:11 午後 org.eclipse.birt.chart.device.swing.SwingRendererImpl prepareGraphicsContext
情報: 図形コンテキスト sun.java2d.SunGraphics2D[font=java.awt.Font[family=Dialog,name=Dialog,style=plain,size=12],color=java.awt.Color[r=255,g=255,b=255]] を使用中
6 03, 2013 12:02:11 午後 org.eclipse.birt.chart.render.EmptyWithoutAxes renderSeries
情報: org.eclipse.birt.chart.render.EmptyWithoutAxes: renderSeries() [1/2]
6 03, 2013 12:02:11 午後 org.eclipse.birt.chart.extension.render.Pie renderSeries
情報: {0}: renderSeries() [{1}/{2}]org.eclipse.birt.chart.extension.render.Pie22
6 03, 2013 12:02:11 午後 org.eclipse.birt.chart.device.image.JavaxImageIOWriter after
情報: {0} イメージ・ライター {1} を使用中pngcom.sun.imageio.plugins.png.PNGImageWriter
6 03, 2013 12:02:11 午後 org.eclipse.birt.chart.device.swing.SwingDisplayServer <init>
情報: SWING Display Server: Oracle Corporation v1.7.0_15
6 03, 2013 12:02:11 午後 org.eclipse.birt.chart.script.AbstractScriptHandler register
情報: Chart Java イベント・ハンドラーのクラスを読み込んでいます...
6 03, 2013 12:02:11 午後 org.eclipse.birt.chart.script.AbstractScriptHandler register
情報: Chart Java イベント・ハンドラーのクラス [class org.eclipse.mat.impl.chart.LabelRenderScript] を読み込みました。
6 03, 2013 12:02:11 午後 org.eclipse.birt.chart.device.swing.SwingRendererImpl prepareGraphicsContext
情報: 図形コンテキスト sun.java2d.SunGraphics2D[font=java.awt.Font[family=Dialog,name=Dialog,style=plain,size=12],color=java.awt.Color[r=255,g=255,b=255]] を使用中
6 03, 2013 12:02:11 午後 org.eclipse.birt.chart.render.EmptyWithoutAxes renderSeries
情報: org.eclipse.birt.chart.render.EmptyWithoutAxes: renderSeries() [1/2]
6 03, 2013 12:02:11 午後 org.eclipse.birt.chart.extension.render.Pie renderSeries
情報: {0}: renderSeries() [{1}/{2}]org.eclipse.birt.chart.extension.render.Pie22
6 03, 2013 12:02:11 午後 org.eclipse.birt.chart.device.image.JavaxImageIOWriter after
情報: {0} イメージ・ライター {1} を使用中pngcom.sun.imageio.plugins.png.PNGImageWriter
6 03, 2013 12:02:11 午後 org.eclipse.birt.chart.device.swing.SwingDisplayServer <init>
情報: SWING Display Server: Oracle Corporation v1.7.0_15
6 03, 2013 12:02:11 午後 org.eclipse.birt.chart.script.AbstractScriptHandler register
情報: Chart Java イベント・ハンドラーのクラスを読み込んでいます...
6 03, 2013 12:02:11 午後 org.eclipse.birt.chart.script.AbstractScriptHandler register
情報: Chart Java イベント・ハンドラーのクラス [class org.eclipse.mat.impl.chart.LabelRenderScript] を読み込みました。
6 03, 2013 12:02:11 午後 org.eclipse.birt.chart.device.swing.SwingRendererImpl prepareGraphicsContext
情報: 図形コンテキスト sun.java2d.SunGraphics2D[font=java.awt.Font[family=Dialog,name=Dialog,style=plain,size=12],color=java.awt.Color[r=255,g=255,b=255]] を使用中
6 03, 2013 12:02:11 午後 org.eclipse.birt.chart.render.EmptyWithoutAxes renderSeries
情報: org.eclipse.birt.chart.render.EmptyWithoutAxes: renderSeries() [1/2]
6 03, 2013 12:02:11 午後 org.eclipse.birt.chart.extension.render.Pie renderSeries
情報: {0}: renderSeries() [{1}/{2}]org.eclipse.birt.chart.extension.render.Pie22
6 03, 2013 12:02:11 午後 org.eclipse.birt.chart.device.image.JavaxImageIOWriter after
情報: {0} イメージ・ライター {1} を使用中pngcom.sun.imageio.plugins.png.PNGImageWriter
6 03, 2013 12:02:11 午後 org.eclipse.birt.chart.device.swing.SwingDisplayServer <init>
情報: SWING Display Server: Oracle Corporation v1.7.0_15
6 03, 2013 12:02:11 午後 org.eclipse.birt.chart.script.AbstractScriptHandler register
情報: Chart Java イベント・ハンドラーのクラスを読み込んでいます...
6 03, 2013 12:02:11 午後 org.eclipse.birt.chart.script.AbstractScriptHandler register
情報: Chart Java イベント・ハンドラーのクラス [class org.eclipse.mat.impl.chart.LabelRenderScript] を読み込みました。
6 03, 2013 12:02:11 午後 org.eclipse.birt.chart.device.swing.SwingRendererImpl prepareGraphicsContext
情報: 図形コンテキスト sun.java2d.SunGraphics2D[font=java.awt.Font[family=Dialog,name=Dialog,style=plain,size=12],color=java.awt.Color[r=255,g=255,b=255]] を使用中
6 03, 2013 12:02:11 午後 org.eclipse.birt.chart.render.EmptyWithoutAxes renderSeries
情報: org.eclipse.birt.chart.render.EmptyWithoutAxes: renderSeries() [1/2]
6 03, 2013 12:02:11 午後 org.eclipse.birt.chart.extension.render.Pie renderSeries
情報: {0}: renderSeries() [{1}/{2}]org.eclipse.birt.chart.extension.render.Pie22
6 03, 2013 12:02:11 午後 org.eclipse.birt.chart.device.image.JavaxImageIOWriter after
情報: {0} イメージ・ライター {1} を使用中pngcom.sun.imageio.plugins.png.PNGImageWriter
